<?xml version="1.0" encoding="UTF-8"?>
<!-- Generated by org.testng.reporters.JUnitReportReporter -->
<testsuite hostname="VaishnaviA" failures="0" tests="2" name="TestPages.TestTwo_countLinks" time="30.330" errors="0" timestamp="2024-05-18T14:52:07 IST" skipped="0">
  <testcase classname="TestPages.TestTwo_countLinks" name="CountNoOfLinks" time="0.055"/>
  <system-out/>
  <testcase classname="TestPages.TestTwo_countLinks" name="BrokenLinks" time="30.275"/>
  <system-out/>
</testsuite> <!-- TestPages.TestTwo_countLinks -->
