<?xml version="1.0" encoding="UTF-8"?>
<!-- Generated by org.testng.reporters.JUnitReportReporter -->
<testsuite hostname="VaishnaviA" failures="0" tests="1" name="TestPages.TestTwo_countLinks" time="0.052" errors="0" timestamp="2024-05-20T22:35:39 IST" skipped="0">
  <testcase classname="TestPages.TestTwo_countLinks" name="CountNoOfLinks" time="0.052"/>
  <system-out/>
</testsuite> <!-- TestPages.TestTwo_countLinks -->
