<?xml version="1.0" encoding="UTF-8"?>
<!-- Generated by org.testng.reporters.JUnitReportReporter -->
<testsuite hostname="VaishnaviA" failures="0" tests="1" name="TestPages.TestOne" time="1.913" errors="0" timestamp="2024-05-23T08:51:47 IST" skipped="0">
  <testcase classname="TestPages.TestOne" name="Test_ClassAttribute" time="1.913"/>
  <system-out/>
</testsuite> <!-- TestPages.TestOne -->
