<?xml version="1.0" encoding="UTF-8"?>
<!-- Generated by org.testng.reporters.JUnitReportReporter -->
<testsuite hostname="VaishnaviA" failures="0" tests="3" name="TestPages.TestOne" time="2.355" errors="0" timestamp="2024-05-09T22:09:09 IST" skipped="0">
  <testcase classname="TestPages.TestOne" name="Test_URL_and_PageName" time="0.039"/>
  <system-out/>
  <testcase classname="TestPages.TestOne" name="Test_stringVerification" time="0.032"/>
  <system-out/>
  <testcase classname="TestPages.TestOne" name="Test_DynamicID_Verification" time="2.284"/>
  <system-out/>
</testsuite> <!-- TestPages.TestOne -->
