<?xml version="1.0" encoding="UTF-8"?>
<!-- Generated by org.testng.reporters.JUnitReportReporter -->
<testsuite hostname="VaishnaviA" failures="0" tests="1" name="TestPages.TestTwo_countLinks" time="0.030" errors="0" timestamp="2024-05-23T22:36:42 IST" skipped="0">
  <testcase classname="TestPages.TestTwo_countLinks" name="CountNoOfLinks" time="0.030"/>
  <system-out/>
</testsuite> <!-- TestPages.TestTwo_countLinks -->
